<?xml version="1.0" encoding="UTF-8"?>
<testsuite name="uk.gov.hmcts.reform.services.PrlUpdateServiceTest" tests="6" skipped="0" failures="0" errors="0" timestamp="2022-10-23T19:13:29" hostname="AMBGB000242" time="0.092">
  <properties/>
  <testcase name="updatePrlServiceWithHearingShouldUpdatePrlService()" classname="uk.gov.hmcts.reform.services.PrlUpdateServiceTest" time="0.05"/>
  <testcase name="updatePrlServiceWithHearingWhenServiceAuthGeneratorIsDownShouldThrowPrlUpdateSection()" classname="uk.gov.hmcts.reform.services.PrlUpdateServiceTest" time="0.003"/>
  <testcase name="updatePrlServiceWithHearingWhenServiceUnavailableShouldThrowPrlUpdateSection()" classname="uk.gov.hmcts.reform.services.PrlUpdateServiceTest" time="0.004"/>
  <testcase name="updatePrlServiceWithHearingWhenServiceAuthGeneratorNotAccesibleShouldThrowPrlUpdateSection()" classname="uk.gov.hmcts.reform.services.PrlUpdateServiceTest" time="0.003"/>
  <testcase name="updatePrlServiceWithPaymentWhenResourceNotAccesibleShouldThrowPrlUpdateSection()" classname="uk.gov.hmcts.reform.services.PrlUpdateServiceTest" time="0.004"/>
  <testcase name="whenRetryIsExceedsMaxTryExceededExceptionIsThrown()" classname="uk.gov.hmcts.reform.services.PrlUpdateServiceTest" time="0.025"/>
  <system-out><![CDATA[2022-10-23T20:13:29.670 INFO  [Test worker] uk.gov.hmcts.reform.services.PrlUpdateServiceImpl updatePrlServiceWithHearing
2022-10-23T20:13:29.678 INFO  [Test worker] uk.gov.hmcts.reform.services.PrlUpdateServiceImpl PRL URL http://localhost:3000/prlpath
2022-10-23T20:13:29.678 INFO  [Test worker] uk.gov.hmcts.reform.services.PrlUpdateServiceImpl idamTokenResponse access-token
2022-10-23T20:13:29.678 INFO  [Test worker] uk.gov.hmcts.reform.services.PrlUpdateServiceImpl authTokenGenerator.generate() mock-serv-auth-token
2022-10-23T20:13:29.679 INFO  [Test worker] uk.gov.hmcts.reform.services.PrlUpdateServiceImpl HttpHeader {Content-Type=[application/json], Authorization=[Bearer access-token], ServiceAuthorization=[mock-serv-auth-token]}
2022-10-23T20:13:29.679 INFO  [Test worker] uk.gov.hmcts.reform.services.PrlUpdateServiceImpl PRL call completed successfully
2022-10-23T20:13:29.692 INFO  [Test worker] uk.gov.hmcts.reform.services.PrlUpdateServiceImpl updatePrlServiceWithHearing
2022-10-23T20:13:29.692 INFO  [Test worker] uk.gov.hmcts.reform.services.PrlUpdateServiceImpl PRL URL http://localhost:3000/prlpath
2022-10-23T20:13:29.692 INFO  [Test worker] uk.gov.hmcts.reform.services.PrlUpdateServiceImpl idamTokenResponse access-token
2022-10-23T20:13:29.696 INFO  [Test worker] uk.gov.hmcts.reform.services.PrlUpdateServiceImpl updatePrlServiceWithHearing
2022-10-23T20:13:29.696 INFO  [Test worker] uk.gov.hmcts.reform.services.PrlUpdateServiceImpl PRL URL http://localhost:3000/prlpath
2022-10-23T20:13:29.696 INFO  [Test worker] uk.gov.hmcts.reform.services.PrlUpdateServiceImpl idamTokenResponse access-token
2022-10-23T20:13:29.697 INFO  [Test worker] uk.gov.hmcts.reform.services.PrlUpdateServiceImpl authTokenGenerator.generate() mock-serv-auth-token
2022-10-23T20:13:29.697 INFO  [Test worker] uk.gov.hmcts.reform.services.PrlUpdateServiceImpl HttpHeader {Content-Type=[application/json], Authorization=[Bearer access-token], ServiceAuthorization=[mock-serv-auth-token]}
2022-10-23T20:13:29.697 INFO  [Test worker] uk.gov.hmcts.reform.services.PrlUpdateServiceImpl PRL call exception 503 SERVICE_UNAVAILABLE
2022-10-23T20:13:29.700 INFO  [Test worker] uk.gov.hmcts.reform.services.PrlUpdateServiceImpl updatePrlServiceWithHearing
2022-10-23T20:13:29.700 INFO  [Test worker] uk.gov.hmcts.reform.services.PrlUpdateServiceImpl PRL URL http://localhost:3000/prlpath
2022-10-23T20:13:29.701 INFO  [Test worker] uk.gov.hmcts.reform.services.PrlUpdateServiceImpl idamTokenResponse access-token
2022-10-23T20:13:29.704 INFO  [Test worker] uk.gov.hmcts.reform.services.PrlUpdateServiceImpl updatePrlServiceWithHearing
2022-10-23T20:13:29.704 INFO  [Test worker] uk.gov.hmcts.reform.services.PrlUpdateServiceImpl PRL URL http://localhost:3000/prlpath
2022-10-23T20:13:29.704 INFO  [Test worker] uk.gov.hmcts.reform.services.PrlUpdateServiceImpl idamTokenResponse access-token
2022-10-23T20:13:29.704 INFO  [Test worker] uk.gov.hmcts.reform.services.PrlUpdateServiceImpl authTokenGenerator.generate() mock-serv-auth-token
2022-10-23T20:13:29.704 INFO  [Test worker] uk.gov.hmcts.reform.services.PrlUpdateServiceImpl HttpHeader {Content-Type=[application/json], Authorization=[Bearer access-token], ServiceAuthorization=[mock-serv-auth-token]}
2022-10-23T20:13:29.705 INFO  [Test worker] uk.gov.hmcts.reform.services.PrlUpdateServiceImpl PRL call exception 
2022-10-23T20:13:29.731 INFO  [Test worker] uk.gov.hmcts.reform.services.PrlUpdateServiceImpl issue in connecting S2S
2022-10-23T20:13:29.731 INFO  [Test worker] uk.gov.hmcts.reform.services.PrlUpdateServiceImpl Recovery send to dl queue
]]></system-out>
  <system-err><![CDATA[]]></system-err>
</testsuite>
