<?xml version="1.0" encoding="UTF-8"?>
<testsuite name="uk.gov.hmcts.reform.controllers.DemoUnitTest" tests="2" skipped="0" failures="0" errors="0" timestamp="2022-10-23T19:13:27" hostname="AMBGB000242" time="0.063">
  <properties/>
  <testcase name="testRootController()" classname="uk.gov.hmcts.reform.controllers.DemoUnitTest" time="0.061"/>
  <testcase name="exampleOfTest()" classname="uk.gov.hmcts.reform.controllers.DemoUnitTest" time="0.001"/>
  <system-out><![CDATA[]]></system-out>
  <system-err><![CDATA[]]></system-err>
</testsuite>
